<?xml version="1.0" encoding="UTF-8"?>
<testng-results skipped="0" failed="0" ignored="0" total="2" passed="2">
  <reporter-output>
  </reporter-output>
  <suite name="Default suite" duration-ms="33124" started-at="2020-09-15T10:21:42Z" finished-at="2020-09-15T10:22:16Z">
    <groups>
    </groups>
    <test name="Default test" duration-ms="33124" started-at="2020-09-15T10:21:42Z" finished-at="2020-09-15T10:22:16Z">
      <class name="suite.sales.sales">
        <test-method status="PASS" signature="LaunchBrowser()[pri:0, instance:suite.sales.sales@3e6fa38a]" name="LaunchBrowser" is-config="true" duration-ms="15135" started-at="2020-09-15T10:21:42Z" finished-at="2020-09-15T10:21:58Z">
          <reporter-output>
          </reporter-output>
        </test-method> <!-- LaunchBrowser -->
        <test-method status="PASS" signature="login()[pri:0, instance:suite.sales.sales@3e6fa38a]" name="login" duration-ms="5593" started-at="2020-09-15T10:21:58Z" finished-at="2020-09-15T10:22:03Z">
          <reporter-output>
          </reporter-output>
        </test-method> <!-- login -->
        <test-method status="PASS" signature="register()[pri:0, instance:suite.sales.sales@3e6fa38a]" name="register" duration-ms="12332" started-at="2020-09-15T10:22:03Z" finished-at="2020-09-15T10:22:16Z">
          <reporter-output>
          </reporter-output>
        </test-method> <!-- register -->
      </class> <!-- suite.sales.sales -->
    </test> <!-- Default test -->
  </suite> <!-- Default suite -->
</testng-results>
